#@ # 
#@ # Running lc_shell Version O-2018.06 for linux64 -- May 31, 2018
#@ # Date:   Thu Jul  2 10:41:17 2020
#@ # Run by: b05054@wolverine
#@ 

read_lib ****.lib
read_lib sram_sp_hde_nldm_ff_0p99v_0p99v_125c_syn.lib
write_lib -format db sram_sp_hde_nldm_ff_0p99v_0p99v_125c_syn -output sram_sp_hde_nldm_ff_0p99v_0p99v_125c_syn.db
write_lib -format db read_lib sram_sp_hde_nldm_ff_0p99v_0p99v_125c_syn.lib -output read_lib sram_sp_hde_nldm_ff_0p99v_0p99v_125c_syn.db
write_lib -format db read_lib sram_sp_hde_nldm_ff_0p99v_0p99v_125c_syn.lib -output sram_sp_hde_nldm_ff_0p99v_0p99v_125c_syn.db
write_lib -format db read_lib sram_sp_hde_nldm_ff_0p99v_0p99v_125c_syn -output sram_sp_hde_nldm_ff_0p99v_0p99v_125c_syn.db
ls
read_lib sram_sp_hde_nldm_ff_0p99v_0p99v_125c_syn.lib
write_lib -format db sram_sp_hde_nldm_ff_0p99v_0p99v_125c_syn -output sram_sp_hde_nldm_ff_0p99v_0p99v_125c_syn.db
ls
read_lib sram_sp_hde_nldm_ff_0p99v_0p99v_m40c_syn.lib
write_lib -format db sram_sp_hde_nldm_ff_0p99v_0p99v_m40c_syn -output sram_sp_hde_nldm_ff_0p99v_0p99v_m40c_syn.db
ls
read_lib sram_sp_hde_nldm_ffg_0p99v_0p99v_125c_syn.lib
write_lib -formate db sram_sp_hde_nldm_ffg_0p99v_0p99v_125c_syn -output sram_sp_hde_nldm_ffg_0p99v_0p99v_125c_syn.db
write_lib -format db sram_sp_hde_nldm_ffg_0p99v_0p99v_125c_syn -output sram_sp_hde_nldm_ffg_0p99v_0p99v_125c_syn.db
ls
read_lib sram_sp_hde_nldm_ss_0p81v_0p81v_125c_syn.lib
write_lib -formate db sram_sp_hde_nldm_ss_0p81v_0p81v_125c_syn -output sram_sp_hde_nldm_ss_0p81v_0p81v_125c_syn.db
write_lib -format db sram_sp_hde_nldm_ss_0p81v_0p81v_125c_syn -output sram_sp_hde_nldm_ss_0p81v_0p81v_125c_syn.db
ls
read_lib sram_sp_hde_nldm_ss_0p81v_0p81v_m40c_syn.lib
write_lib -format db sram_sp_hde_nldm_ss_0p81v_0p81v_m40c_syn -output sram_sp_hde_nldm_ss_0p81v_0p81v_m40c_syn.db
ls
read_lib sram_sp_hde_nldm_tt_0p90v_0p90v_25c_syn.lib
write_lib -format db sram_sp_hde_nldm_tt_0p90v_0p90v_25c_syn -output sram_sp_hde_nldm_tt_0p90v_0p90v_25c_syn.db
